\BOOKMARK [0][-]{chapter.1}{\376\377\000Q\000u\000i\000c\000k\000\040\000S\000t\000a\000r\000t}{}% 1
\BOOKMARK [1][-]{section.1.1}{\376\377\000S\000t\000a\000r\000t\000\040\000w\000i\000t\000h\000\040\000o\000u\000r\000\040\000d\000o\000c\000k\000e\000r\000\040\000i\000m\000a\000g\000e}{chapter.1}% 2
\BOOKMARK [1][-]{section.1.2}{\376\377\000S\000t\000a\000r\000t\000\040\000w\000i\000t\000h\000\040\000S\000p\000a\000r\000k\000\040\000P\000a\000c\000k\000a\000g\000e\000s}{chapter.1}% 3
\BOOKMARK [1][-]{section.1.3}{\376\377\000B\000a\000s\000i\000c\000\040\000u\000s\000a\000g\000e}{chapter.1}% 4
\BOOKMARK [0][-]{chapter.2}{\376\377\000I\000n\000s\000t\000a\000l\000l\000a\000t\000i\000o\000n}{}% 5
\BOOKMARK [1][-]{section.2.1}{\376\377\000U\000s\000i\000n\000g\000\040\000S\000p\000a\000r\000k\000\040\000P\000a\000c\000k\000a\000g\000e\000s}{chapter.2}% 6
\BOOKMARK [1][-]{section.2.2}{\376\377\000A\000d\000d\000i\000n\000g\000\040\000s\000p\000a\000r\000k\000-\000c\000r\000o\000w\000d\000\040\000a\000s\000\040\000a\000\040\000d\000e\000p\000e\000n\000d\000e\000n\000c\000y}{chapter.2}% 7
\BOOKMARK [1][-]{section.2.3}{\376\377\000C\000o\000m\000p\000i\000l\000i\000n\000g\000\040\000t\000h\000e\000\040\000s\000o\000u\000r\000c\000e\000\040\000c\000o\000d\000e}{chapter.2}% 8
\BOOKMARK [0][-]{chapter.3}{\376\377\000D\000e\000s\000i\000g\000n\000\040\000a\000n\000d\000\040\000a\000r\000c\000h\000i\000t\000e\000c\000h\000t\000u\000r\000e}{}% 9
\BOOKMARK [1][-]{section.3.1}{\376\377\000D\000a\000t\000a\000\040\000t\000y\000p\000e\000s}{chapter.3}% 10
\BOOKMARK [1][-]{section.3.2}{\376\377\000M\000e\000t\000h\000o\000d\000s}{chapter.3}% 11
\BOOKMARK [0][-]{chapter.4}{\376\377\000M\000e\000t\000h\000o\000d\000s}{}% 12
\BOOKMARK [1][-]{section.4.1}{\376\377\000M\000a\000j\000o\000r\000i\000t\000y\000V\000o\000t\000i\000n\000g}{chapter.4}% 13
\BOOKMARK [1][-]{section.4.2}{\376\377\000D\000a\000w\000i\000d\000S\000k\000e\000n\000e}{chapter.4}% 14
\BOOKMARK [1][-]{section.4.3}{\376\377\000I\000B\000C\000C}{chapter.4}% 15
\BOOKMARK [1][-]{section.4.4}{\376\377\000G\000L\000A\000D}{chapter.4}% 16
\BOOKMARK [1][-]{section.4.5}{\376\377\000C\000G\000L\000A\000D}{chapter.4}% 17
\BOOKMARK [1][-]{section.4.6}{\376\377\000R\000a\000y\000k\000a\000r\040\031\000s\000\040\000a\000l\000g\000o\000r\000i\000t\000h\000m\000s}{chapter.4}% 18
\BOOKMARK [1][-]{section.4.7}{\376\377\000C\000A\000T\000D}{chapter.4}% 19
\BOOKMARK [1][-]{section.4.8}{\376\377\000P\000M\000\040\000a\000n\000d\000\040\000P\000M\000T\000I}{chapter.4}% 20
\BOOKMARK [0][-]{chapter.5}{\376\377\000E\000x\000a\000m\000p\000l\000e\000s}{}% 21
\BOOKMARK [1][-]{section.5.1}{\376\377\000M\000a\000j\000o\000r\000i\000t\000y\000V\000o\000t\000i\000n\000g}{chapter.5}% 22
\BOOKMARK [1][-]{section.5.2}{\376\377\000D\000a\000w\000i\000d\000S\000k\000e\000n\000e}{chapter.5}% 23
\BOOKMARK [1][-]{section.5.3}{\376\377\000G\000L\000A\000D}{chapter.5}% 24
\BOOKMARK [1][-]{section.5.4}{\376\377\000R\000a\000y\000k\000a\000r\000B\000i\000n\000a\000r\000y\000,\000\040\000R\000a\000y\000k\000a\000r\000M\000u\000l\000t\000i\000\040\000a\000n\000d\000\040\000R\000a\000y\000k\000a\000r\000C\000o\000n\000t}{chapter.5}% 25
\BOOKMARK [1][-]{section.5.5}{\376\377\000C\000A\000T\000D}{chapter.5}% 26
\BOOKMARK [0][-]{chapter.6}{\376\377\000C\000o\000m\000p\000a\000r\000i\000s\000o\000n\000\040\000w\000i\000t\000h\000\040\000o\000t\000h\000e\000r\000\040\000p\000a\000c\000k\000a\000g\000e\000s}{}% 27
\BOOKMARK [1][-]{section.6.1}{\376\377\000D\000a\000t\000a}{chapter.6}% 28
\BOOKMARK [1][-]{section.6.2}{\376\377\000C\000E\000K\000A}{chapter.6}% 29
\BOOKMARK [1][-]{section.6.3}{\376\377\000T\000r\000u\000t\000h\000\040\000i\000n\000f\000e\000r\000e\000n\000c\000e\000\040\000i\000n\000\040\000c\000r\000o\000w\000d\000s\000o\000u\000r\000c\000i\000n\000g}{chapter.6}% 30
\BOOKMARK [1][-]{section.6.4}{\376\377\000O\000t\000h\000e\000r\000\040\000m\000e\000t\000h\000o\000d\000s}{chapter.6}% 31
\BOOKMARK [0][-]{chapter.7}{\376\377\000C\000o\000n\000t\000r\000i\000b\000u\000t\000o\000r\000s}{}% 32
\BOOKMARK [1][-]{section.7.1}{\376\377\000B\000u\000g\000\040\000r\000e\000p\000o\000r\000t\000s}{chapter.7}% 33
\BOOKMARK [1][-]{section.7.2}{\376\377\000S\000u\000g\000g\000e\000s\000t\000i\000n\000g\000\040\000e\000n\000h\000a\000n\000c\000e\000m\000e\000n\000t\000s}{chapter.7}% 34
\BOOKMARK [1][-]{section.7.3}{\376\377\000N\000e\000w\000\040\000a\000l\000g\000o\000r\000i\000t\000h\000m\000s}{chapter.7}% 35
